2026-04-23 09:31:35,020 - WARNING - TEMPERATURE HIGH: 234.08
2026-04-23 09:31:38,129 - WARNING - FLOW_RATE LOW: 60.04
2026-04-23 09:31:41,237 - WARNING - FLOW_RATE LOW: 75.32
2026-04-23 09:31:42,281 - WARNING - FLOW_RATE LOW: 74.8
2026-04-23 09:31:53,725 - WARNING - TEMPERATURE HIGH: 240.36
2026-04-23 09:31:57,845 - WARNING - PRESSURE LOW: 12.75
2026-04-23 09:32:00,963 - WARNING - FLOW_RATE LOW: 75.25
2026-04-23 09:32:09,317 - WARNING - FLOW_RATE LOW: 73.36
2026-04-23 12:35:24,085 - WARNING - PRESSURE LOW: 22.01
2026-04-23 12:35:25,105 - WARNING - VIBRATION HIGH: 0.98
2026-04-23 12:35:26,129 - WARNING - TEMPERATURE HIGH: 237.49
2026-04-23 12:35:28,195 - WARNING - PRESSURE LOW: 32.02
2026-04-23 12:35:42,601 - WARNING - TEMPERATURE HIGH: 232.06
2026-04-23 12:35:44,660 - WARNING - VIBRATION HIGH: 0.99
2026-04-23 12:35:50,828 - WARNING - FLOW_RATE LOW: 71.01
2026-04-23 12:35:52,886 - WARNING - VIBRATION HIGH: 1.33
2026-04-23 12:36:05,223 - WARNING - PRESSURE LOW: 33.09
2026-04-23 12:36:23,744 - WARNING - FLOW_RATE LOW: 73.11
2026-04-23 12:36:28,885 - WARNING - TEMPERATURE HIGH: 250.05
2026-04-24 04:34:43,372 - WARNING - VIBRATION HIGH: 1.05
2026-04-24 04:34:46,534 - WARNING - FLOW_RATE LOW: 83.28
2026-04-24 04:34:53,975 - WARNING - FLOW_RATE LOW: 75.52
2026-04-24 04:35:07,581 - WARNING - FLOW_RATE LOW: 69.47
2026-04-24 04:35:09,666 - WARNING - FLOW_RATE LOW: 68.52
2026-04-24 04:35:11,743 - WARNING - VIBRATION HIGH: 1.26
2026-04-24 04:35:14,843 - WARNING - VIBRATION HIGH: 1.18
2026-04-24 04:35:18,966 - WARNING - PRESSURE LOW: 33.37
2026-04-24 04:35:21,025 - WARNING - FLOW_RATE LOW: 63.54
2026-04-24 04:35:30,369 - WARNING - FLOW_RATE LOW: 71.93
2026-04-24 04:35:35,564 - WARNING - TEMPERATURE HIGH: 239.87
2026-04-24 04:35:36,607 - WARNING - TEMPERATURE HIGH: 253.55
2026-04-24 04:35:53,194 - WARNING - FLOW_RATE LOW: 65.26
2026-04-24 04:35:56,293 - WARNING - PRESSURE LOW: 17.76
2026-04-24 04:36:04,585 - WARNING - FLOW_RATE LOW: 70.81
2026-04-24 04:36:08,709 - WARNING - TEMPERATURE HIGH: 252.62
2026-04-24 04:36:10,772 - WARNING - FLOW_RATE LOW: 73.97
2026-04-24 04:36:11,802 - WARNING - FLOW_RATE LOW: 70.53
2026-04-24 04:36:21,115 - WARNING - FLOW_RATE LOW: 78.06
2026-04-24 04:36:26,251 - WARNING - TEMPERATURE HIGH: 237.91
2026-04-24 04:36:39,856 - WARNING - PRESSURE LOW: 23.39
2026-04-24 04:36:45,070 - WARNING - FLOW_RATE LOW: 64.61
2026-04-24 04:36:47,145 - WARNING - PRESSURE LOW: 17.3
2026-04-24 04:36:56,532 - WARNING - FLOW_RATE LOW: 83.45
2026-04-24 04:36:57,597 - WARNING - TEMPERATURE HIGH: 244.21
2026-04-24 04:37:02,808 - WARNING - TEMPERATURE HIGH: 244.34
2026-04-24 04:38:37,104 - WARNING - TEMPERATURE HIGH: 237.45
2026-04-24 04:38:38,172 - WARNING - VIBRATION HIGH: 1.47
2026-04-24 04:39:02,758 - WARNING - TEMPERATURE HIGH: 255.53
2026-04-24 04:39:04,826 - WARNING - TEMPERATURE HIGH: 246.57
2026-04-24 04:39:08,946 - WARNING - PRESSURE LOW: 10.11
2026-04-24 04:39:24,634 - WARNING - PRESSURE LOW: 27.77
2026-04-24 04:39:33,097 - WARNING - FLOW_RATE LOW: 70.82
2026-04-24 04:39:34,131 - WARNING - TEMPERATURE HIGH: 232.24
2026-04-24 04:39:42,414 - WARNING - PRESSURE LOW: 11.3
2026-04-24 04:39:44,466 - WARNING - VIBRATION HIGH: 1.06
2026-04-24 04:39:46,519 - WARNING - PRESSURE LOW: 23.64
2026-04-24 04:39:47,537 - WARNING - VIBRATION HIGH: 0.99
2026-04-24 04:39:48,560 - WARNING - TEMPERATURE HIGH: 237.11
2026-04-24 04:39:52,662 - WARNING - VIBRATION HIGH: 1.03
2026-04-24 04:39:55,748 - WARNING - FLOW_RATE LOW: 64.08
2026-04-24 04:39:56,781 - WARNING - TEMPERATURE HIGH: 230.18
2026-04-24 04:40:02,999 - WARNING - TEMPERATURE HIGH: 232.03
2026-04-24 04:40:20,721 - WARNING - FLOW_RATE LOW: 84.42
2026-04-24 04:40:24,878 - WARNING - VIBRATION HIGH: 1.41
2026-04-24 04:40:32,198 - WARNING - FLOW_RATE LOW: 63.58
2026-04-24 04:40:35,300 - WARNING - PRESSURE LOW: 28.44
2026-04-24 04:40:37,366 - WARNING - PRESSURE LOW: 16.48
2026-04-24 04:40:45,628 - WARNING - VIBRATION HIGH: 1.19
2026-04-24 04:40:54,944 - WARNING - TEMPERATURE HIGH: 237.39
2026-04-24 04:41:13,743 - WARNING - PRESSURE LOW: 32.73
2026-04-24 04:41:20,952 - WARNING - FLOW_RATE LOW: 80.27
2026-04-24 04:41:32,565 - WARNING - FLOW_RATE LOW: 64.47
2026-04-24 04:41:41,979 - WARNING - PRESSURE LOW: 10.55
2026-04-24 04:41:51,438 - WARNING - PRESSURE LOW: 17.07
2026-04-24 04:41:55,620 - WARNING - PRESSURE LOW: 19.16
2026-04-24 04:42:04,874 - WARNING - VIBRATION HIGH: 1.25
2026-04-24 04:42:07,947 - WARNING - PRESSURE LOW: 18.28
2026-04-24 04:42:17,181 - WARNING - FLOW_RATE LOW: 64.74
2026-04-24 04:42:18,204 - WARNING - FLOW_RATE LOW: 70.24
2026-04-24 04:42:20,266 - WARNING - TEMPERATURE HIGH: 236.33
2026-04-24 04:42:25,391 - WARNING - VIBRATION HIGH: 1.34
2026-04-24 04:42:39,767 - WARNING - VIBRATION HIGH: 1.3
2026-04-24 04:42:42,891 - WARNING - PRESSURE LOW: 33.99
2026-04-24 04:42:53,134 - WARNING - FLOW_RATE LOW: 78.36
2026-04-24 04:42:58,245 - WARNING - VIBRATION HIGH: 1.47
2026-04-24 04:43:10,532 - WARNING - TEMPERATURE HIGH: 236.26
2026-04-24 04:43:14,630 - WARNING - PRESSURE LOW: 15.06
2026-04-24 04:43:32,159 - WARNING - FLOW_RATE LOW: 77.14
2026-04-24 04:43:37,307 - WARNING - VIBRATION HIGH: 1.28
2026-04-24 04:43:56,062 - WARNING - VIBRATION HIGH: 0.91
2026-04-24 04:44:01,272 - WARNING - FLOW_RATE LOW: 61.59
2026-04-24 04:44:21,143 - WARNING - TEMPERATURE HIGH: 255.5
2026-04-24 04:44:23,200 - WARNING - PRESSURE LOW: 11.5
2026-04-24 04:44:24,239 - WARNING - VIBRATION HIGH: 1.03
2026-04-24 04:44:38,864 - WARNING - VIBRATION HIGH: 0.93
2026-04-24 04:44:46,108 - WARNING - PRESSURE LOW: 12.64
2026-04-24 04:44:52,316 - WARNING - FLOW_RATE LOW: 83.56
2026-04-24 04:44:54,381 - WARNING - VIBRATION HIGH: 1.28
2026-04-24 04:45:01,642 - WARNING - PRESSURE LOW: 34.15
2026-04-24 04:45:10,989 - WARNING - TEMPERATURE HIGH: 254.03
2026-04-24 04:45:26,655 - WARNING - PRESSURE LOW: 25.76
2026-04-24 04:45:27,684 - WARNING - VIBRATION HIGH: 1.08
2026-04-24 04:45:31,825 - WARNING - FLOW_RATE LOW: 83.38
2026-04-24 04:45:41,164 - WARNING - PRESSURE LOW: 13.31
2026-04-24 04:45:44,279 - WARNING - VIBRATION HIGH: 1.21
2026-04-24 04:45:52,628 - WARNING - TEMPERATURE HIGH: 258.38
2026-04-24 04:45:53,680 - WARNING - FLOW_RATE LOW: 67.38
2026-04-24 04:46:18,421 - WARNING - VIBRATION HIGH: 1.05
2026-04-24 04:46:19,450 - WARNING - TEMPERATURE HIGH: 239.98
2026-04-24 04:46:24,611 - WARNING - VIBRATION HIGH: 1.32
2026-04-24 04:46:25,638 - WARNING - TEMPERATURE HIGH: 255.8
2026-04-24 04:46:39,027 - WARNING - VIBRATION HIGH: 1.35
2026-04-24 04:46:40,055 - WARNING - TEMPERATURE HIGH: 238.33
2026-04-24 04:46:44,157 - WARNING - FLOW_RATE LOW: 72.84
2026-04-24 04:46:47,248 - WARNING - PRESSURE LOW: 26.58
2026-04-24 04:46:52,407 - WARNING - VIBRATION HIGH: 1.47
2026-04-24 04:46:54,460 - WARNING - VIBRATION HIGH: 1.22
2026-04-24 04:46:57,541 - WARNING - FLOW_RATE LOW: 61.84
2026-04-24 04:47:03,721 - WARNING - FLOW_RATE LOW: 67.64
2026-04-24 04:47:08,852 - WARNING - PRESSURE LOW: 25.56
2026-04-24 04:47:13,991 - WARNING - VIBRATION HIGH: 1.33
2026-04-24 04:47:20,167 - WARNING - TEMPERATURE HIGH: 230.17
2026-04-24 04:47:22,226 - WARNING - TEMPERATURE HIGH: 234.29
2026-04-24 04:47:25,321 - WARNING - PRESSURE LOW: 34.76
2026-04-24 04:47:31,532 - WARNING - FLOW_RATE LOW: 70.89
2026-04-24 04:47:38,777 - WARNING - TEMPERATURE HIGH: 249.13
2026-04-24 04:47:40,881 - WARNING - PRESSURE LOW: 18.71
2026-04-24 04:47:44,043 - WARNING - PRESSURE LOW: 11.17
2026-04-24 04:47:49,209 - WARNING - FLOW_RATE LOW: 75.91
2026-04-24 04:47:58,546 - WARNING - VIBRATION HIGH: 1.33
2026-04-24 04:48:00,613 - WARNING - VIBRATION HIGH: 1.3
2026-04-24 04:48:02,683 - WARNING - TEMPERATURE HIGH: 254.04
2026-04-24 04:48:06,832 - WARNING - FLOW_RATE LOW: 77.57
2026-04-24 04:48:11,033 - WARNING - FLOW_RATE LOW: 65.55
2026-04-24 04:48:17,327 - WARNING - TEMPERATURE HIGH: 240.85
2026-04-24 04:48:21,513 - WARNING - VIBRATION HIGH: 1.03
2026-04-24 04:48:31,858 - WARNING - FLOW_RATE LOW: 64.75
2026-04-24 04:48:32,890 - WARNING - FLOW_RATE LOW: 74.22
2026-04-24 04:48:33,933 - WARNING - FLOW_RATE LOW: 64.22
2026-04-24 04:48:36,015 - WARNING - VIBRATION HIGH: 0.92
2026-04-24 04:48:54,535 - WARNING - FLOW_RATE LOW: 83.35
2026-04-24 04:48:58,643 - WARNING - VIBRATION HIGH: 1.32
2026-04-24 04:49:05,839 - WARNING - PRESSURE LOW: 18.78
2026-04-24 04:49:16,153 - WARNING - TEMPERATURE HIGH: 257.76
2026-04-24 04:49:38,929 - WARNING - FLOW_RATE LOW: 79.33
2026-04-24 04:50:11,225 - WARNING - TEMPERATURE HIGH: 233.36
2026-04-24 04:50:14,361 - WARNING - FLOW_RATE LOW: 77.81
2026-04-24 04:50:27,854 - WARNING - PRESSURE LOW: 16.42
2026-04-24 04:50:44,448 - WARNING - PRESSURE LOW: 10.19
2026-04-24 04:50:49,654 - WARNING - PRESSURE LOW: 13.29
2026-04-24 04:50:51,720 - WARNING - TEMPERATURE HIGH: 246.34
2026-04-24 04:51:01,092 - WARNING - TEMPERATURE HIGH: 247.73
2026-04-24 04:51:14,515 - WARNING - PRESSURE LOW: 19.38
2026-04-24 04:51:21,772 - WARNING - PRESSURE LOW: 21.55
2026-04-24 04:51:35,155 - WARNING - PRESSURE LOW: 30.71
2026-04-24 04:51:42,408 - WARNING - PRESSURE LOW: 26.0
2026-04-24 04:51:58,005 - WARNING - TEMPERATURE HIGH: 251.06
2026-04-24 04:52:06,332 - WARNING - TEMPERATURE HIGH: 248.37
2026-04-24 04:52:12,530 - WARNING - PRESSURE LOW: 34.35
2026-04-24 04:52:35,391 - WARNING - FLOW_RATE LOW: 64.23
2026-04-24 04:52:45,742 - WARNING - PRESSURE LOW: 22.77
2026-04-24 04:53:00,231 - WARNING - TEMPERATURE HIGH: 235.23
2026-04-24 04:53:05,399 - WARNING - FLOW_RATE LOW: 62.8
2026-04-24 05:21:03,278 - WARNING - TEMPERATURE HIGH: 249.86
2026-04-24 05:21:13,883 - WARNING - VIBRATION HIGH: 1.07
2026-04-24 05:21:17,032 - WARNING - PRESSURE LOW: 27.52
2026-04-24 05:21:20,186 - WARNING - FLOW_RATE LOW: 75.87
2026-04-24 05:21:26,483 - WARNING - FLOW_RATE LOW: 69.81
2026-04-24 05:21:37,020 - WARNING - TEMPERATURE HIGH: 246.22
2026-04-24 05:22:08,642 - WARNING - FLOW_RATE LOW: 67.23
2026-04-24 05:22:09,672 - WARNING - TEMPERATURE HIGH: 235.51
2026-04-24 05:22:12,829 - WARNING - TEMPERATURE HIGH: 254.2
2026-04-24 05:22:15,961 - WARNING - TEMPERATURE HIGH: 234.0
2026-04-24 05:22:25,322 - WARNING - VIBRATION HIGH: 0.99
2026-04-24 05:22:32,520 - WARNING - FLOW_RATE LOW: 67.47
2026-04-24 05:22:34,577 - WARNING - FLOW_RATE LOW: 63.01
2026-04-24 05:23:00,395 - WARNING - VIBRATION HIGH: 1.01
2026-04-24 05:23:02,476 - WARNING - FLOW_RATE LOW: 70.85
2026-04-24 05:23:21,114 - WARNING - VIBRATION HIGH: 1.49
2026-04-24 05:23:25,271 - WARNING - TEMPERATURE HIGH: 247.38
2026-04-24 05:23:29,440 - WARNING - TEMPERATURE HIGH: 249.9
2026-04-24 05:23:36,724 - WARNING - VIBRATION HIGH: 1.01
2026-04-24 05:23:39,837 - WARNING - PRESSURE LOW: 14.16
2026-04-24 05:23:54,420 - WARNING - PRESSURE LOW: 21.08
2026-04-24 05:23:58,567 - WARNING - FLOW_RATE LOW: 77.85
2026-04-24 05:23:59,595 - WARNING - PRESSURE LOW: 34.59
2026-04-24 05:24:01,690 - WARNING - FLOW_RATE LOW: 75.88
2026-04-24 05:24:27,547 - WARNING - PRESSURE LOW: 25.29
2026-04-24 05:24:29,639 - WARNING - PRESSURE LOW: 17.22
2026-04-24 05:24:32,761 - WARNING - VIBRATION HIGH: 1.04
2026-04-24 05:24:51,534 - WARNING - VIBRATION HIGH: 1.35
2026-04-24 05:24:57,782 - WARNING - FLOW_RATE LOW: 62.88
2026-04-24 05:25:00,889 - WARNING - VIBRATION HIGH: 1.31
2026-04-24 05:25:02,987 - WARNING - PRESSURE LOW: 33.36
2026-04-24 05:25:13,488 - WARNING - FLOW_RATE LOW: 78.47
2026-04-24 05:25:16,616 - WARNING - PRESSURE LOW: 23.5
2026-04-24 05:25:31,169 - WARNING - FLOW_RATE LOW: 76.42
2026-04-24 05:26:01,752 - WARNING - VIBRATION HIGH: 1.37
2026-04-24 05:26:02,781 - WARNING - TEMPERATURE HIGH: 231.03
2026-04-24 05:26:10,038 - WARNING - FLOW_RATE LOW: 83.38
2026-04-24 05:26:17,410 - WARNING - VIBRATION HIGH: 1.44
2026-04-24 05:26:21,565 - WARNING - PRESSURE LOW: 13.6
2026-04-24 05:26:34,079 - WARNING - TEMPERATURE HIGH: 245.93
2026-04-24 05:26:35,135 - WARNING - VIBRATION HIGH: 0.98
2026-04-24 05:26:42,358 - WARNING - FLOW_RATE LOW: 79.42
2026-04-24 05:26:54,929 - WARNING - VIBRATION HIGH: 0.99
2026-04-24 05:26:58,080 - WARNING - FLOW_RATE LOW: 75.46
2026-04-24 05:26:59,111 - WARNING - PRESSURE LOW: 28.98
2026-04-24 05:27:07,530 - WARNING - PRESSURE LOW: 33.07
2026-04-24 05:27:31,866 - WARNING - FLOW_RATE LOW: 65.04
2026-04-24 05:27:45,579 - WARNING - FLOW_RATE LOW: 73.61
2026-04-24 05:27:51,892 - WARNING - VIBRATION HIGH: 0.99
2026-04-24 05:27:53,983 - WARNING - VIBRATION HIGH: 1.44
2026-04-24 05:27:58,162 - WARNING - FLOW_RATE LOW: 70.49
2026-04-24 05:28:06,727 - WARNING - FLOW_RATE LOW: 81.21
2026-04-24 05:28:11,085 - WARNING - PRESSURE LOW: 34.78
2026-04-24 05:28:16,408 - WARNING - PRESSURE LOW: 13.13
2026-04-24 05:28:18,538 - WARNING - PRESSURE LOW: 28.9
2026-04-24 05:28:21,860 - WARNING - VIBRATION HIGH: 1.28
2026-04-24 05:28:22,920 - WARNING - FLOW_RATE LOW: 69.19
2026-04-24 05:28:35,025 - WARNING - VIBRATION HIGH: 1.18
2026-04-24 05:28:52,621 - WARNING - VIBRATION HIGH: 1.47
2026-04-24 05:28:58,919 - WARNING - PRESSURE LOW: 33.67
2026-04-24 05:29:13,928 - WARNING - TEMPERATURE HIGH: 237.64
2026-04-24 05:29:19,252 - WARNING - TEMPERATURE HIGH: 252.81
2026-04-24 05:29:22,433 - WARNING - TEMPERATURE HIGH: 251.03
2026-04-24 05:29:23,688 - WARNING - FLOW_RATE LOW: 66.85
2026-04-24 05:29:30,389 - WARNING - FLOW_RATE LOW: 60.49
2026-04-24 05:29:38,999 - WARNING - FLOW_RATE LOW: 73.75
2026-04-24 05:29:45,565 - WARNING - FLOW_RATE LOW: 62.77
2026-04-24 05:29:50,921 - WARNING - PRESSURE LOW: 29.33
2026-04-24 05:29:57,305 - WARNING - PRESSURE LOW: 18.29
2026-04-24 05:30:09,298 - WARNING - VIBRATION HIGH: 1.18
2026-04-24 05:30:10,405 - WARNING - VIBRATION HIGH: 1.29
2026-04-24 05:30:11,737 - WARNING - VIBRATION HIGH: 1.15
2026-04-24 05:30:17,054 - WARNING - TEMPERATURE HIGH: 234.21
2026-04-24 05:30:20,240 - WARNING - FLOW_RATE LOW: 64.94
2026-04-24 05:30:22,505 - WARNING - VIBRATION HIGH: 1.45
2026-04-24 05:30:26,738 - WARNING - FLOW_RATE LOW: 65.21
2026-04-24 05:30:27,763 - WARNING - FLOW_RATE LOW: 79.79
2026-04-24 05:30:38,238 - WARNING - TEMPERATURE HIGH: 252.71
2026-04-24 05:30:39,288 - WARNING - PRESSURE LOW: 25.51
2026-04-24 05:30:47,897 - WARNING - FLOW_RATE LOW: 73.07
2026-04-24 05:30:57,816 - WARNING - VIBRATION HIGH: 1.02
2026-04-24 05:31:04,179 - WARNING - PRESSURE LOW: 20.77
2026-04-24 05:31:10,739 - WARNING - PRESSURE LOW: 33.54
2026-04-24 05:31:14,017 - WARNING - FLOW_RATE LOW: 82.39
2026-04-24 05:31:20,528 - WARNING - VIBRATION HIGH: 0.91
2026-04-24 05:31:32,256 - WARNING - VIBRATION HIGH: 1.14
2026-04-24 05:31:36,438 - WARNING - VIBRATION HIGH: 1.1
2026-04-24 05:31:40,889 - WARNING - TEMPERATURE HIGH: 237.56
2026-04-24 05:31:46,287 - WARNING - FLOW_RATE LOW: 68.37
2026-04-24 05:31:50,743 - WARNING - PRESSURE LOW: 13.96
2026-04-24 05:31:54,077 - WARNING - PRESSURE LOW: 19.36
2026-04-24 05:31:57,221 - WARNING - PRESSURE LOW: 16.51
2026-04-24 05:32:00,377 - WARNING - PRESSURE LOW: 14.94
2026-04-24 05:32:07,808 - WARNING - PRESSURE LOW: 29.47
2026-04-24 05:32:14,371 - WARNING - VIBRATION HIGH: 1.18
2026-04-24 05:32:15,432 - WARNING - PRESSURE LOW: 15.67
2026-04-24 05:32:20,917 - WARNING - VIBRATION HIGH: 1.11
2026-04-24 05:32:25,292 - WARNING - VIBRATION HIGH: 1.07
2026-04-24 05:32:28,489 - WARNING - TEMPERATURE HIGH: 237.48
2026-04-24 05:32:29,587 - WARNING - FLOW_RATE LOW: 82.62
2026-04-24 05:32:37,121 - WARNING - TEMPERATURE HIGH: 253.52
2026-04-24 05:32:40,310 - WARNING - PRESSURE LOW: 32.2
2026-04-24 05:32:45,714 - WARNING - VIBRATION HIGH: 1.24
2026-04-24 05:32:49,903 - WARNING - FLOW_RATE LOW: 77.8
2026-04-24 05:32:50,978 - WARNING - PRESSURE LOW: 11.04
2026-04-24 05:33:08,546 - WARNING - PRESSURE LOW: 33.94
2026-04-24 05:33:12,877 - WARNING - PRESSURE LOW: 26.31
2026-04-24 05:33:22,831 - WARNING - VIBRATION HIGH: 1.24
2026-04-24 05:33:30,668 - WARNING - VIBRATION HIGH: 1.08
2026-04-24 05:33:33,989 - WARNING - TEMPERATURE HIGH: 239.08
2026-04-24 05:33:47,964 - WARNING - VIBRATION HIGH: 1.13
2026-04-24 05:33:56,675 - WARNING - FLOW_RATE LOW: 66.14
2026-04-24 05:34:00,956 - WARNING - TEMPERATURE HIGH: 240.11
2026-04-24 05:34:10,637 - WARNING - FLOW_RATE LOW: 70.02
2026-04-24 05:34:12,747 - WARNING - FLOW_RATE LOW: 84.58
2026-04-24 05:34:28,081 - WARNING - VIBRATION HIGH: 1.4
2026-04-24 05:34:52,774 - WARNING - FLOW_RATE LOW: 64.35
2026-04-24 05:34:58,146 - WARNING - TEMPERATURE HIGH: 255.21
2026-04-24 05:35:09,353 - WARNING - FLOW_RATE LOW: 84.78
2026-04-24 05:35:10,460 - WARNING - VIBRATION HIGH: 1.4
2026-04-24 05:35:14,898 - WARNING - VIBRATION HIGH: 1.23
2026-04-24 05:35:17,238 - WARNING - FLOW_RATE LOW: 77.19
2026-04-24 05:35:24,685 - WARNING - TEMPERATURE HIGH: 256.56
2026-04-24 05:35:26,791 - WARNING - FLOW_RATE LOW: 67.96
2026-04-24 05:35:32,105 - WARNING - VIBRATION HIGH: 0.99
2026-04-24 05:35:43,859 - WARNING - FLOW_RATE LOW: 72.34
2026-04-24 05:35:54,521 - WARNING - TEMPERATURE HIGH: 259.89
2026-04-24 05:36:08,794 - WARNING - PRESSURE LOW: 32.52
2026-04-24 05:36:19,555 - WARNING - PRESSURE LOW: 31.0
2026-04-24 05:36:24,876 - WARNING - TEMPERATURE HIGH: 239.37
2026-04-24 05:36:31,252 - WARNING - TEMPERATURE HIGH: 238.42
2026-04-24 05:36:48,816 - WARNING - PRESSURE LOW: 22.83
2026-04-24 05:36:50,045 - WARNING - PRESSURE LOW: 28.02
2026-04-24 05:36:55,682 - WARNING - VIBRATION HIGH: 1.12
2026-04-24 05:36:57,822 - WARNING - FLOW_RATE LOW: 72.77
2026-04-24 05:36:58,883 - WARNING - VIBRATION HIGH: 1.33
2026-04-24 05:37:08,442 - WARNING - FLOW_RATE LOW: 75.47
2026-04-24 05:37:13,792 - WARNING - FLOW_RATE LOW: 60.04
2026-04-24 05:37:17,061 - WARNING - VIBRATION HIGH: 0.98
2026-04-24 05:37:20,316 - WARNING - TEMPERATURE HIGH: 250.54
2026-04-24 05:37:22,457 - WARNING - VIBRATION HIGH: 1.36
2026-04-24 05:37:36,578 - WARNING - VIBRATION HIGH: 1.47
2026-04-24 05:37:38,687 - WARNING - TEMPERATURE HIGH: 243.6
2026-04-24 05:37:49,547 - WARNING - FLOW_RATE LOW: 77.67
2026-04-24 05:37:52,729 - WARNING - VIBRATION HIGH: 1.38
2026-04-24 05:37:54,856 - WARNING - VIBRATION HIGH: 0.98
2026-04-24 05:37:56,950 - WARNING - TEMPERATURE HIGH: 231.68
2026-04-24 05:38:00,161 - WARNING - PRESSURE LOW: 33.29
2026-04-24 05:38:14,047 - WARNING - VIBRATION HIGH: 1.17
2026-04-24 05:38:16,194 - WARNING - FLOW_RATE LOW: 62.04
2026-04-24 05:38:26,962 - WARNING - VIBRATION HIGH: 1.42
2026-04-24 05:38:48,227 - WARNING - FLOW_RATE LOW: 82.96
2026-04-24 05:38:49,298 - WARNING - PRESSURE LOW: 25.04
2026-04-24 05:38:52,661 - WARNING - FLOW_RATE LOW: 70.53
2026-04-24 05:38:53,776 - WARNING - TEMPERATURE HIGH: 259.4
2026-04-24 05:38:58,044 - WARNING - TEMPERATURE HIGH: 255.36
2026-04-24 05:39:11,125 - WARNING - TEMPERATURE HIGH: 231.32
2026-04-24 05:39:17,494 - WARNING - VIBRATION HIGH: 1.24
2026-04-24 05:39:31,529 - WARNING - FLOW_RATE LOW: 82.08
2026-04-24 05:39:47,472 - WARNING - PRESSURE LOW: 17.58
2026-04-24 05:40:06,699 - WARNING - VIBRATION HIGH: 1.41
2026-04-24 05:40:09,885 - WARNING - VIBRATION HIGH: 1.35
2026-04-24 05:40:13,075 - WARNING - FLOW_RATE LOW: 61.79
2026-04-24 05:40:22,595 - WARNING - VIBRATION HIGH: 1.08
2026-04-24 05:40:25,840 - WARNING - FLOW_RATE LOW: 76.86
2026-04-24 05:40:29,010 - WARNING - FLOW_RATE LOW: 62.28
2026-04-24 05:40:32,356 - WARNING - PRESSURE LOW: 12.86
2026-04-24 05:40:35,539 - WARNING - PRESSURE LOW: 23.72
2026-04-24 05:40:46,432 - WARNING - PRESSURE LOW: 12.02
2026-04-24 05:40:48,545 - WARNING - TEMPERATURE HIGH: 251.57
2026-04-24 05:40:51,631 - WARNING - PRESSURE LOW: 26.57
2026-04-24 05:40:53,694 - WARNING - PRESSURE LOW: 34.18
2026-04-24 05:40:57,855 - WARNING - VIBRATION HIGH: 1.07
2026-04-24 05:41:00,155 - WARNING - TEMPERATURE HIGH: 250.27
2026-04-24 05:41:03,257 - WARNING - FLOW_RATE LOW: 69.34
2026-04-24 05:41:05,571 - WARNING - PRESSURE LOW: 11.34
2026-04-24 05:41:07,688 - WARNING - VIBRATION HIGH: 1.49
2026-04-24 05:41:15,186 - WARNING - PRESSURE LOW: 11.64
2026-04-24 05:41:18,342 - WARNING - VIBRATION HIGH: 1.14
2026-04-24 05:41:23,642 - WARNING - PRESSURE LOW: 15.04
2026-04-24 05:41:33,377 - WARNING - PRESSURE LOW: 11.25
2026-04-24 05:41:35,487 - WARNING - VIBRATION HIGH: 1.19
2026-04-24 05:41:37,657 - WARNING - FLOW_RATE LOW: 77.8
2026-04-24 05:41:38,718 - WARNING - FLOW_RATE LOW: 71.05
2026-04-24 05:41:39,780 - WARNING - PRESSURE LOW: 20.52
2026-04-24 05:41:46,161 - WARNING - TEMPERATURE HIGH: 235.62
2026-04-24 05:41:49,467 - WARNING - TEMPERATURE HIGH: 246.91
2026-04-24 05:42:02,247 - WARNING - VIBRATION HIGH: 1.07
2026-04-24 05:42:05,422 - WARNING - PRESSURE LOW: 33.64
2026-04-24 05:42:06,493 - WARNING - VIBRATION HIGH: 1.3
2026-04-24 05:42:09,810 - WARNING - PRESSURE LOW: 16.98
2026-04-24 05:42:17,220 - WARNING - TEMPERATURE HIGH: 232.48
2026-04-24 05:42:23,674 - WARNING - VIBRATION HIGH: 1.4
2026-04-24 05:42:29,933 - WARNING - PRESSURE LOW: 29.99
2026-04-24 05:42:38,657 - WARNING - PRESSURE LOW: 15.43
2026-04-24 05:42:43,089 - WARNING - TEMPERATURE HIGH: 243.59
2026-04-24 05:42:45,191 - WARNING - FLOW_RATE LOW: 80.03
2026-04-24 05:42:46,256 - WARNING - TEMPERATURE HIGH: 253.29
2026-04-24 05:42:47,309 - WARNING - PRESSURE LOW: 24.43
2026-04-24 05:43:00,014 - WARNING - VIBRATION HIGH: 0.91
2026-04-24 05:43:02,144 - WARNING - FLOW_RATE LOW: 72.05
2026-04-24 05:43:03,221 - WARNING - TEMPERATURE HIGH: 240.42
2026-04-24 05:43:06,504 - WARNING - TEMPERATURE HIGH: 232.26
2026-04-24 05:43:07,563 - WARNING - TEMPERATURE HIGH: 247.52
2026-04-24 05:43:18,375 - WARNING - FLOW_RATE LOW: 77.88
2026-04-24 05:43:26,875 - WARNING - FLOW_RATE LOW: 62.65
2026-04-24 05:43:35,351 - WARNING - TEMPERATURE HIGH: 237.55
2026-04-24 05:43:38,635 - WARNING - VIBRATION HIGH: 0.98
2026-04-24 05:43:39,759 - WARNING - TEMPERATURE HIGH: 257.65
2026-04-24 05:43:48,462 - WARNING - TEMPERATURE HIGH: 250.52
2026-04-24 05:44:00,490 - WARNING - TEMPERATURE HIGH: 245.84
2026-04-24 05:44:03,619 - WARNING - VIBRATION HIGH: 1.18
2026-04-24 05:44:15,496 - WARNING - VIBRATION HIGH: 1.05
2026-04-24 05:44:24,093 - WARNING - TEMPERATURE HIGH: 247.13
2026-04-24 05:44:27,276 - WARNING - VIBRATION HIGH: 1.11
2026-04-24 05:44:33,687 - WARNING - VIBRATION HIGH: 1.48
2026-04-24 05:44:48,564 - WARNING - FLOW_RATE LOW: 82.61
2026-04-24 05:45:06,056 - WARNING - VIBRATION HIGH: 1.44
2026-04-24 05:45:32,568 - WARNING - PRESSURE LOW: 17.67
2026-04-24 05:45:33,640 - WARNING - TEMPERATURE HIGH: 240.98
2026-04-24 05:45:50,764 - WARNING - VIBRATION HIGH: 1.19
2026-04-24 05:45:54,898 - WARNING - VIBRATION HIGH: 0.93
2026-04-24 05:45:59,025 - WARNING - PRESSURE LOW: 13.25
2026-04-24 05:46:02,362 - WARNING - FLOW_RATE LOW: 65.66
2026-04-24 05:46:05,579 - WARNING - TEMPERATURE HIGH: 232.68
2026-04-24 05:46:08,815 - WARNING - VIBRATION HIGH: 1.21
2026-04-24 05:46:09,870 - WARNING - PRESSURE LOW: 31.92
2026-04-24 05:46:10,973 - WARNING - TEMPERATURE HIGH: 235.02
2026-04-24 05:46:34,516 - WARNING - VIBRATION HIGH: 1.0
2026-04-24 05:46:39,963 - WARNING - PRESSURE LOW: 30.65
2026-04-24 05:46:43,115 - WARNING - FLOW_RATE LOW: 77.29
2026-04-24 05:46:47,356 - WARNING - PRESSURE LOW: 33.62
2026-04-24 05:47:09,898 - WARNING - FLOW_RATE LOW: 75.21
2026-04-24 05:47:29,390 - WARNING - VIBRATION HIGH: 1.02
2026-04-24 05:47:30,456 - WARNING - VIBRATION HIGH: 1.11
2026-04-24 05:47:36,941 - WARNING - VIBRATION HIGH: 1.08
2026-04-24 05:47:41,150 - WARNING - TEMPERATURE HIGH: 259.61
2026-04-24 05:47:43,309 - WARNING - TEMPERATURE HIGH: 241.97
2026-04-24 05:47:47,492 - WARNING - TEMPERATURE HIGH: 238.56
2026-04-24 05:48:01,391 - WARNING - VIBRATION HIGH: 0.92
2026-04-24 05:48:02,450 - WARNING - FLOW_RATE LOW: 69.0
2026-04-24 05:48:20,737 - WARNING - PRESSURE LOW: 21.3
2026-04-24 05:48:21,822 - WARNING - VIBRATION HIGH: 1.2
2026-04-24 05:48:30,271 - WARNING - FLOW_RATE LOW: 72.83
2026-04-24 05:48:34,554 - WARNING - VIBRATION HIGH: 1.29
2026-04-24 05:49:00,091 - WARNING - FLOW_RATE LOW: 82.71
2026-04-24 05:49:03,244 - WARNING - PRESSURE LOW: 11.69
2026-04-24 05:49:05,360 - WARNING - FLOW_RATE LOW: 69.55
2026-04-24 05:49:06,539 - WARNING - FLOW_RATE LOW: 66.9
2026-04-24 05:49:14,125 - WARNING - VIBRATION HIGH: 1.28
2026-04-24 05:49:17,378 - WARNING - PRESSURE LOW: 30.22
2026-04-24 05:49:23,776 - WARNING - PRESSURE LOW: 13.38
2026-04-24 05:49:29,082 - WARNING - PRESSURE LOW: 25.11
2026-04-24 05:49:32,274 - WARNING - PRESSURE LOW: 31.76
2026-04-24 05:49:33,349 - WARNING - VIBRATION HIGH: 1.04
2026-04-24 05:49:53,839 - WARNING - PRESSURE LOW: 30.74
2026-04-24 05:49:55,920 - WARNING - FLOW_RATE LOW: 67.47
2026-04-24 05:49:59,087 - WARNING - TEMPERATURE HIGH: 254.03
2026-04-24 05:50:03,312 - WARNING - PRESSURE LOW: 24.1
2026-04-24 05:50:06,474 - WARNING - VIBRATION HIGH: 0.98
2026-04-24 05:50:09,751 - WARNING - PRESSURE LOW: 19.6
2026-04-24 05:50:11,872 - WARNING - TEMPERATURE HIGH: 244.21
2026-04-24 05:50:12,924 - WARNING - VIBRATION HIGH: 1.29
2026-04-24 05:50:19,572 - WARNING - VIBRATION HIGH: 1.4
2026-04-24 05:50:22,950 - WARNING - TEMPERATURE HIGH: 243.62
2026-04-24 05:50:27,143 - WARNING - FLOW_RATE LOW: 65.52
2026-04-24 05:50:35,816 - WARNING - FLOW_RATE LOW: 84.71
2026-04-24 05:50:43,489 - WARNING - VIBRATION HIGH: 1.01
2026-04-24 05:50:45,599 - WARNING - FLOW_RATE LOW: 67.96
2026-04-24 05:50:54,229 - WARNING - TEMPERATURE HIGH: 237.74
2026-04-24 05:50:55,291 - WARNING - TEMPERATURE HIGH: 243.27
2026-04-24 05:51:02,759 - WARNING - FLOW_RATE LOW: 80.6
2026-04-24 05:51:07,040 - WARNING - VIBRATION HIGH: 0.94
2026-04-24 05:51:10,201 - WARNING - PRESSURE LOW: 16.41
2026-04-24 05:51:19,883 - WARNING - PRESSURE LOW: 24.36
2026-04-24 05:51:42,825 - WARNING - TEMPERATURE HIGH: 259.74
2026-04-24 05:51:44,962 - WARNING - PRESSURE LOW: 13.77
2026-04-24 05:51:56,726 - WARNING - TEMPERATURE HIGH: 253.74
2026-04-24 05:52:12,858 - WARNING - VIBRATION HIGH: 1.3
2026-04-24 05:52:17,153 - WARNING - PRESSURE LOW: 10.39
2026-04-24 05:52:20,477 - WARNING - FLOW_RATE LOW: 82.53
2026-04-24 05:52:30,056 - WARNING - FLOW_RATE LOW: 73.56
2026-04-24 05:52:35,363 - WARNING - TEMPERATURE HIGH: 258.83
2026-04-24 05:52:36,404 - WARNING - FLOW_RATE LOW: 63.79
2026-04-24 05:52:42,858 - WARNING - PRESSURE LOW: 25.29
2026-04-24 05:52:43,925 - WARNING - VIBRATION HIGH: 1.0
2026-04-24 05:52:47,121 - WARNING - VIBRATION HIGH: 1.16
2026-04-24 05:52:57,924 - WARNING - PRESSURE LOW: 23.6
2026-04-24 05:53:03,441 - WARNING - PRESSURE LOW: 25.1
2026-04-24 05:53:12,276 - WARNING - VIBRATION HIGH: 0.92
2026-04-24 05:53:15,413 - WARNING - TEMPERATURE HIGH: 236.31
2026-04-24 05:53:18,586 - WARNING - FLOW_RATE LOW: 73.52
2026-04-24 05:53:19,649 - WARNING - VIBRATION HIGH: 0.92
2026-04-24 05:53:20,698 - WARNING - PRESSURE LOW: 27.2
2026-04-24 05:53:22,825 - WARNING - VIBRATION HIGH: 1.08
2026-04-24 05:53:28,113 - WARNING - FLOW_RATE LOW: 74.52
2026-04-24 05:53:39,920 - WARNING - PRESSURE LOW: 30.19
2026-04-24 05:53:40,980 - WARNING - VIBRATION HIGH: 1.27
2026-04-24 05:53:47,315 - WARNING - FLOW_RATE LOW: 80.13
2026-04-24 05:53:52,787 - WARNING - PRESSURE LOW: 14.71
2026-04-24 05:53:54,918 - WARNING - TEMPERATURE HIGH: 241.85
2026-04-24 05:54:02,591 - WARNING - FLOW_RATE LOW: 77.69
2026-04-24 05:54:03,659 - WARNING - PRESSURE LOW: 27.06
2026-04-24 05:54:06,832 - WARNING - FLOW_RATE LOW: 83.59
2026-04-24 05:54:12,292 - WARNING - TEMPERATURE HIGH: 258.44
2026-04-24 05:54:24,053 - WARNING - PRESSURE LOW: 11.45
2026-04-24 05:54:26,161 - WARNING - PRESSURE LOW: 25.19
2026-04-24 05:54:49,724 - WARNING - VIBRATION HIGH: 1.46
2026-04-24 05:54:51,873 - WARNING - FLOW_RATE LOW: 65.06
2026-04-24 05:54:52,927 - WARNING - PRESSURE LOW: 11.71
2026-04-24 05:54:57,152 - WARNING - VIBRATION HIGH: 1.02
2026-04-24 05:54:59,282 - WARNING - PRESSURE LOW: 15.25
2026-04-24 05:55:08,849 - WARNING - TEMPERATURE HIGH: 251.38
2026-04-24 05:55:19,727 - WARNING - PRESSURE LOW: 26.56
2026-04-24 05:55:26,118 - WARNING - TEMPERATURE HIGH: 248.56
2026-04-24 05:55:44,520 - WARNING - VIBRATION HIGH: 1.18
2026-04-24 05:55:55,306 - WARNING - PRESSURE LOW: 12.44
2026-04-24 05:55:59,573 - WARNING - FLOW_RATE LOW: 62.01
2026-04-24 05:56:12,489 - WARNING - PRESSURE LOW: 30.53
2026-04-24 05:56:14,612 - WARNING - FLOW_RATE LOW: 67.22
2026-04-24 05:56:20,192 - WARNING - TEMPERATURE HIGH: 240.75
2026-04-24 05:56:22,356 - WARNING - FLOW_RATE LOW: 78.19
2026-04-24 05:56:27,795 - WARNING - VIBRATION HIGH: 0.95
2026-04-24 05:56:33,105 - WARNING - FLOW_RATE LOW: 67.22
2026-04-24 05:56:43,717 - WARNING - TEMPERATURE HIGH: 253.2
2026-04-24 05:56:44,762 - WARNING - VIBRATION HIGH: 1.29
2026-04-24 05:56:47,897 - WARNING - VIBRATION HIGH: 1.13
2026-04-24 05:56:57,814 - WARNING - FLOW_RATE LOW: 75.6
2026-04-24 05:56:59,939 - WARNING - TEMPERATURE HIGH: 245.97
2026-04-24 05:57:01,006 - WARNING - TEMPERATURE HIGH: 259.06
2026-04-24 05:57:02,245 - WARNING - PRESSURE LOW: 18.96
2026-04-24 05:57:11,782 - WARNING - VIBRATION HIGH: 0.93
2026-04-24 05:57:12,853 - WARNING - FLOW_RATE LOW: 78.0
2026-04-24 05:57:13,913 - WARNING - TEMPERATURE HIGH: 247.49
2026-04-24 05:57:16,029 - WARNING - VIBRATION HIGH: 1.12
2026-04-24 05:57:18,122 - WARNING - VIBRATION HIGH: 1.32
2026-04-24 05:57:25,582 - WARNING - PRESSURE LOW: 11.41
2026-04-24 05:57:33,172 - WARNING - TEMPERATURE HIGH: 244.57
2026-04-24 05:57:36,323 - WARNING - PRESSURE LOW: 34.39
2026-04-24 05:57:41,640 - WARNING - TEMPERATURE HIGH: 232.36
2026-04-24 05:57:51,413 - WARNING - VIBRATION HIGH: 1.5
2026-04-24 05:58:04,299 - WARNING - VIBRATION HIGH: 0.93
2026-04-24 05:58:13,773 - WARNING - TEMPERATURE HIGH: 235.7
2026-04-24 05:58:19,270 - WARNING - PRESSURE LOW: 23.74
2026-04-24 05:58:24,556 - WARNING - TEMPERATURE HIGH: 245.96
2026-04-24 05:58:25,634 - WARNING - PRESSURE LOW: 28.97
2026-04-24 05:58:32,043 - WARNING - VIBRATION HIGH: 1.22
2026-04-24 05:58:42,624 - WARNING - PRESSURE LOW: 19.49
2026-04-24 05:58:45,793 - WARNING - FLOW_RATE LOW: 81.78
2026-04-24 05:58:57,642 - WARNING - VIBRATION HIGH: 0.93
2026-04-24 05:59:04,297 - WARNING - VIBRATION HIGH: 1.01
2026-04-24 05:59:06,404 - WARNING - VIBRATION HIGH: 1.26
2026-04-24 05:59:17,089 - WARNING - TEMPERATURE HIGH: 246.28
2026-04-24 05:59:24,848 - WARNING - FLOW_RATE LOW: 64.25
2026-04-24 05:59:34,708 - WARNING - TEMPERATURE HIGH: 256.58
2026-04-24 05:59:35,772 - WARNING - FLOW_RATE LOW: 71.97
2026-04-24 05:59:49,715 - WARNING - PRESSURE LOW: 10.92
2026-04-24 06:00:03,607 - WARNING - PRESSURE LOW: 23.98
2026-04-24 06:00:10,034 - WARNING - FLOW_RATE LOW: 60.86
2026-04-24 06:00:18,489 - WARNING - PRESSURE LOW: 17.03
2026-04-24 06:00:32,767 - WARNING - FLOW_RATE LOW: 79.0
2026-04-24 06:00:39,407 - WARNING - TEMPERATURE HIGH: 238.19
2026-04-24 06:00:41,707 - WARNING - PRESSURE LOW: 28.07
2026-04-24 06:00:48,043 - WARNING - TEMPERATURE HIGH: 240.53
2026-04-24 06:00:49,106 - WARNING - PRESSURE LOW: 34.36
2026-04-24 06:00:58,682 - WARNING - FLOW_RATE LOW: 72.52
2026-04-24 06:01:08,394 - WARNING - PRESSURE LOW: 10.78
2026-04-24 06:01:11,781 - WARNING - TEMPERATURE HIGH: 251.56
2026-04-24 06:01:12,846 - WARNING - PRESSURE LOW: 18.95
2026-04-24 06:01:13,893 - WARNING - PRESSURE LOW: 28.51
2026-04-24 06:01:20,541 - WARNING - FLOW_RATE LOW: 71.9
2026-04-24 06:01:31,158 - WARNING - PRESSURE LOW: 15.08
2026-04-24 06:01:37,516 - WARNING - PRESSURE LOW: 16.89
2026-04-24 06:01:38,588 - WARNING - FLOW_RATE LOW: 81.85
2026-04-24 06:01:49,291 - WARNING - FLOW_RATE LOW: 60.82
2026-04-24 06:01:53,490 - WARNING - PRESSURE LOW: 10.79
2026-04-24 06:01:59,909 - WARNING - VIBRATION HIGH: 1.13
2026-04-24 06:02:04,110 - WARNING - PRESSURE LOW: 17.3
2026-04-24 06:02:09,596 - WARNING - VIBRATION HIGH: 1.47
2026-04-24 06:02:24,719 - WARNING - VIBRATION HIGH: 0.93
2026-04-24 06:02:39,696 - WARNING - VIBRATION HIGH: 1.47
2026-04-24 06:03:02,508 - WARNING - PRESSURE LOW: 19.02
2026-04-24 06:03:20,566 - WARNING - FLOW_RATE LOW: 70.91
2026-04-24 06:03:22,698 - WARNING - PRESSURE LOW: 21.21
2026-04-24 06:03:28,258 - WARNING - PRESSURE LOW: 25.08
2026-04-24 06:03:29,324 - WARNING - PRESSURE LOW: 26.21
2026-04-24 06:03:33,699 - WARNING - PRESSURE LOW: 24.0
2026-04-24 06:03:45,471 - WARNING - VIBRATION HIGH: 0.94
2026-04-24 06:04:25,196 - WARNING - VIBRATION HIGH: 1.48
2026-04-24 06:04:33,650 - WARNING - TEMPERATURE HIGH: 255.02
2026-04-24 06:04:45,262 - WARNING - PRESSURE LOW: 21.9
2026-04-24 06:04:49,475 - WARNING - VIBRATION HIGH: 1.49
2026-04-24 06:04:55,860 - WARNING - FLOW_RATE LOW: 67.39
2026-04-24 06:05:16,620 - WARNING - TEMPERATURE HIGH: 237.63
2026-04-24 06:05:26,398 - WARNING - VIBRATION HIGH: 0.93
2026-04-24 06:05:28,524 - WARNING - VIBRATION HIGH: 1.04
2026-04-24 06:05:30,791 - WARNING - FLOW_RATE LOW: 69.37
2026-04-24 06:05:40,373 - WARNING - FLOW_RATE LOW: 74.38
2026-04-24 06:05:48,847 - WARNING - PRESSURE LOW: 16.08
2026-04-24 06:05:57,396 - WARNING - VIBRATION HIGH: 1.07
2026-04-24 06:06:07,305 - WARNING - FLOW_RATE LOW: 70.52
2026-04-24 06:06:09,578 - WARNING - FLOW_RATE LOW: 61.89
2026-04-24 06:06:15,211 - WARNING - PRESSURE LOW: 32.6
2026-04-24 06:06:17,332 - WARNING - PRESSURE LOW: 18.05
2026-04-24 06:06:18,391 - WARNING - PRESSURE LOW: 15.59
2026-04-24 06:06:21,572 - WARNING - FLOW_RATE LOW: 68.32
2026-04-24 06:06:22,629 - WARNING - FLOW_RATE LOW: 83.88
2026-04-24 06:06:23,692 - WARNING - PRESSURE LOW: 25.41
2026-04-24 06:06:54,800 - WARNING - VIBRATION HIGH: 0.98
2026-04-24 06:06:57,929 - WARNING - FLOW_RATE LOW: 78.13
2026-04-24 06:07:05,588 - WARNING - FLOW_RATE LOW: 70.24
2026-04-24 06:07:06,645 - WARNING - PRESSURE LOW: 26.18
2026-04-24 06:07:08,844 - WARNING - FLOW_RATE LOW: 70.42
2026-04-24 06:07:21,796 - WARNING - VIBRATION HIGH: 1.07
2026-04-24 06:07:23,891 - WARNING - FLOW_RATE LOW: 74.03
2026-04-24 06:07:32,435 - WARNING - VIBRATION HIGH: 0.91
2026-04-24 06:07:36,795 - WARNING - PRESSURE LOW: 21.72
2026-04-24 06:07:58,178 - WARNING - PRESSURE LOW: 27.87
2026-04-24 06:07:59,236 - WARNING - TEMPERATURE HIGH: 238.02
2026-04-24 06:08:01,344 - WARNING - PRESSURE LOW: 10.15
2026-04-24 06:08:15,491 - WARNING - TEMPERATURE HIGH: 258.98
2026-04-24 06:08:16,568 - WARNING - PRESSURE LOW: 23.75
2026-04-24 06:08:19,879 - WARNING - FLOW_RATE LOW: 64.34
2026-04-24 06:08:24,144 - WARNING - FLOW_RATE LOW: 79.06
2026-04-24 06:08:32,667 - WARNING - FLOW_RATE LOW: 61.31
2026-04-24 06:08:41,469 - WARNING - TEMPERATURE HIGH: 233.06
2026-04-24 06:08:45,696 - WARNING - PRESSURE LOW: 26.28
2026-04-24 06:08:46,913 - WARNING - VIBRATION HIGH: 1.4
2026-04-24 06:08:49,014 - WARNING - FLOW_RATE LOW: 60.5
2026-04-24 06:08:51,088 - WARNING - FLOW_RATE LOW: 82.14
2026-04-24 06:08:59,581 - WARNING - VIBRATION HIGH: 1.08
2026-04-24 06:09:01,733 - WARNING - VIBRATION HIGH: 1.04
2026-04-24 06:09:04,899 - WARNING - FLOW_RATE LOW: 77.97
2026-04-24 06:09:21,048 - WARNING - TEMPERATURE HIGH: 243.25
2026-04-24 06:09:38,246 - WARNING - VIBRATION HIGH: 1.16
2026-04-24 06:09:53,534 - WARNING - VIBRATION HIGH: 0.92
2026-04-24 06:09:57,790 - WARNING - FLOW_RATE LOW: 69.48
2026-04-24 06:10:01,136 - WARNING - PRESSURE LOW: 24.08
2026-04-24 06:10:13,890 - WARNING - VIBRATION HIGH: 1.31
2026-04-24 06:10:21,472 - WARNING - TEMPERATURE HIGH: 240.06
2026-04-24 06:10:25,893 - WARNING - FLOW_RATE LOW: 67.54
2026-04-24 06:10:32,377 - WARNING - FLOW_RATE LOW: 81.29
2026-04-24 06:10:36,616 - WARNING - PRESSURE LOW: 27.3
2026-04-24 06:10:48,512 - WARNING - VIBRATION HIGH: 1.34
2026-04-24 06:11:02,451 - WARNING - FLOW_RATE LOW: 63.42
2026-04-24 06:11:12,021 - WARNING - TEMPERATURE HIGH: 243.53
2026-04-24 06:11:21,813 - WARNING - TEMPERATURE HIGH: 253.26
2026-04-24 06:11:23,939 - WARNING - VIBRATION HIGH: 1.35
2026-04-24 06:11:27,173 - WARNING - VIBRATION HIGH: 1.17
2026-04-24 06:11:38,038 - WARNING - FLOW_RATE LOW: 64.85
2026-04-24 06:11:40,149 - WARNING - TEMPERATURE HIGH: 231.98
2026-04-24 06:11:46,569 - WARNING - FLOW_RATE LOW: 82.82
2026-04-24 06:11:56,244 - WARNING - VIBRATION HIGH: 1.11
2026-04-24 06:11:58,384 - WARNING - PRESSURE LOW: 29.11
2026-04-24 06:12:10,223 - WARNING - VIBRATION HIGH: 1.31
2026-04-24 06:12:24,062 - WARNING - FLOW_RATE LOW: 78.22
2026-04-24 06:12:27,416 - WARNING - PRESSURE LOW: 13.54
2026-04-24 06:12:30,605 - WARNING - PRESSURE LOW: 22.27
2026-04-24 06:12:38,343 - WARNING - FLOW_RATE LOW: 70.08
2026-04-24 06:12:40,631 - WARNING - FLOW_RATE LOW: 75.42
2026-04-24 06:12:42,746 - WARNING - PRESSURE LOW: 31.12
2026-04-24 06:12:55,542 - WARNING - PRESSURE LOW: 23.2
2026-04-24 06:12:58,874 - WARNING - VIBRATION HIGH: 1.29
2026-04-24 06:13:16,066 - WARNING - VIBRATION HIGH: 1.3
2026-04-24 06:13:17,131 - WARNING - PRESSURE LOW: 14.28
2026-04-24 06:13:18,198 - WARNING - FLOW_RATE LOW: 81.06
2026-04-24 06:13:20,322 - WARNING - PRESSURE LOW: 13.3
2026-04-24 06:13:21,390 - WARNING - FLOW_RATE LOW: 81.28
2026-04-24 06:13:44,135 - WARNING - FLOW_RATE LOW: 84.17
2026-04-24 06:13:47,342 - WARNING - TEMPERATURE HIGH: 234.83
2026-04-24 06:13:54,826 - WARNING - FLOW_RATE LOW: 70.37
2026-04-24 06:13:57,982 - WARNING - FLOW_RATE LOW: 61.52
2026-04-24 06:14:01,163 - WARNING - TEMPERATURE HIGH: 235.27
2026-04-24 06:14:14,285 - WARNING - VIBRATION HIGH: 1.02
2026-04-24 06:14:17,630 - WARNING - TEMPERATURE HIGH: 241.07
2026-04-24 06:14:18,675 - WARNING - VIBRATION HIGH: 1.12
2026-04-24 06:14:27,459 - WARNING - VIBRATION HIGH: 1.13
2026-04-24 06:14:32,752 - WARNING - PRESSURE LOW: 32.67
2026-04-24 06:14:41,199 - WARNING - TEMPERATURE HIGH: 230.34
2026-04-24 06:14:52,075 - WARNING - TEMPERATURE HIGH: 237.87
2026-04-24 06:14:55,235 - WARNING - PRESSURE LOW: 24.99
2026-04-24 06:14:59,617 - WARNING - PRESSURE LOW: 28.66
2026-04-24 06:15:02,772 - WARNING - TEMPERATURE HIGH: 244.25
2026-04-24 06:15:04,907 - WARNING - PRESSURE LOW: 25.87
2026-04-24 06:15:16,626 - WARNING - FLOW_RATE LOW: 64.84
2026-04-24 06:15:17,678 - WARNING - FLOW_RATE LOW: 60.35
2026-04-24 06:15:28,270 - WARNING - FLOW_RATE LOW: 63.42
2026-04-24 06:15:32,529 - WARNING - VIBRATION HIGH: 1.33
2026-04-24 06:15:33,593 - WARNING - VIBRATION HIGH: 1.12
2026-04-24 06:15:39,914 - WARNING - VIBRATION HIGH: 1.26
2026-04-24 06:15:40,961 - WARNING - PRESSURE LOW: 32.14
2026-04-24 06:15:50,642 - WARNING - TEMPERATURE HIGH: 257.46
2026-04-24 06:15:52,724 - WARNING - FLOW_RATE LOW: 69.7
2026-04-24 06:16:10,857 - WARNING - VIBRATION HIGH: 0.91
2026-04-24 06:16:14,141 - WARNING - TEMPERATURE HIGH: 250.27
2026-04-24 06:16:17,309 - WARNING - PRESSURE LOW: 14.56
2026-04-24 06:16:26,012 - WARNING - FLOW_RATE LOW: 84.82
2026-04-24 06:16:28,248 - WARNING - FLOW_RATE LOW: 68.0
2026-04-24 06:16:35,789 - WARNING - FLOW_RATE LOW: 61.06
2026-04-24 06:16:39,986 - WARNING - TEMPERATURE HIGH: 255.85
2026-04-24 06:16:44,238 - WARNING - VIBRATION HIGH: 1.02
2026-04-24 06:16:46,512 - WARNING - PRESSURE LOW: 27.55
2026-04-24 06:16:52,997 - WARNING - PRESSURE LOW: 16.38
2026-04-24 06:16:58,482 - WARNING - VIBRATION HIGH: 1.18
2026-04-24 06:17:02,788 - WARNING - VIBRATION HIGH: 1.22
2026-04-24 06:17:16,505 - WARNING - PRESSURE LOW: 32.04
2026-04-24 06:17:22,052 - WARNING - TEMPERATURE HIGH: 258.03
2026-04-24 06:17:27,553 - WARNING - FLOW_RATE LOW: 75.76
2026-04-24 06:17:42,410 - WARNING - VIBRATION HIGH: 1.27
2026-04-24 06:17:49,941 - WARNING - PRESSURE LOW: 31.13
2026-04-24 06:17:59,680 - WARNING - PRESSURE LOW: 22.47
2026-04-24 06:18:01,914 - WARNING - VIBRATION HIGH: 1.34
2026-04-24 06:18:19,004 - WARNING - TEMPERATURE HIGH: 242.87
2026-04-24 06:18:26,513 - WARNING - VIBRATION HIGH: 1.1
2026-04-24 06:18:28,860 - WARNING - FLOW_RATE LOW: 80.01
2026-04-24 06:18:29,862 - WARNING - TEMPERATURE HIGH: 258.42
2026-04-24 06:18:31,928 - WARNING - PRESSURE LOW: 29.87
2026-04-24 06:18:42,490 - WARNING - VIBRATION HIGH: 1.37
2026-04-24 06:18:46,619 - WARNING - FLOW_RATE LOW: 73.56
2026-04-24 06:18:51,792 - WARNING - TEMPERATURE HIGH: 240.22
2026-04-24 06:18:52,858 - WARNING - VIBRATION HIGH: 1.49
2026-04-24 06:18:54,929 - WARNING - VIBRATION HIGH: 1.43
2026-04-24 06:18:57,129 - WARNING - FLOW_RATE LOW: 65.99
2026-04-24 06:19:07,538 - WARNING - TEMPERATURE HIGH: 243.94
2026-04-24 06:19:09,602 - WARNING - FLOW_RATE LOW: 80.6
2026-04-24 06:19:14,928 - WARNING - VIBRATION HIGH: 1.4
2026-04-24 06:19:26,595 - WARNING - FLOW_RATE LOW: 84.4
2026-04-24 06:19:55,249 - WARNING - VIBRATION HIGH: 1.42
2026-04-24 06:20:03,745 - WARNING - TEMPERATURE HIGH: 237.08
2026-04-24 06:20:39,717 - WARNING - FLOW_RATE LOW: 71.51
2026-04-24 06:20:52,668 - WARNING - PRESSURE LOW: 30.26
2026-04-24 06:20:53,732 - WARNING - PRESSURE LOW: 17.89
2026-04-24 06:21:09,362 - WARNING - FLOW_RATE LOW: 81.08
2026-04-24 06:21:20,876 - WARNING - PRESSURE LOW: 25.84
2026-04-24 06:21:37,930 - WARNING - FLOW_RATE LOW: 60.89
2026-04-24 06:21:38,933 - WARNING - VIBRATION HIGH: 1.27
2026-04-24 06:21:44,350 - WARNING - TEMPERATURE HIGH: 256.23
2026-04-24 06:21:46,406 - WARNING - VIBRATION HIGH: 1.28
2026-04-24 06:21:51,588 - WARNING - VIBRATION HIGH: 1.14
2026-04-24 06:21:56,742 - WARNING - FLOW_RATE LOW: 65.48
2026-04-24 06:21:57,773 - WARNING - VIBRATION HIGH: 0.91
2026-04-24 06:22:01,855 - WARNING - PRESSURE LOW: 11.33
2026-04-24 06:22:03,946 - WARNING - FLOW_RATE LOW: 73.19
2026-04-24 06:22:05,005 - WARNING - PRESSURE LOW: 19.03
2026-04-24 06:22:21,720 - WARNING - FLOW_RATE LOW: 72.64
2026-04-24 06:22:42,645 - WARNING - TEMPERATURE HIGH: 250.11
2026-04-24 06:22:44,702 - WARNING - VIBRATION HIGH: 1.1
2026-04-24 06:22:56,322 - WARNING - FLOW_RATE LOW: 73.94
2026-04-24 06:23:04,663 - WARNING - VIBRATION HIGH: 0.93
2026-04-24 06:23:05,692 - WARNING - PRESSURE LOW: 14.29
2026-04-24 06:23:07,723 - WARNING - PRESSURE LOW: 29.87
2026-04-24 06:23:17,224 - WARNING - VIBRATION HIGH: 0.95
2026-04-24 06:23:19,274 - WARNING - VIBRATION HIGH: 1.28
2026-04-24 06:23:20,342 - WARNING - VIBRATION HIGH: 1.42
2026-04-24 06:23:23,561 - WARNING - VIBRATION HIGH: 0.95
2026-04-24 06:23:29,884 - WARNING - PRESSURE LOW: 24.29
2026-04-24 06:23:31,988 - WARNING - PRESSURE LOW: 20.31
2026-04-24 06:23:36,203 - WARNING - VIBRATION HIGH: 1.28
2026-04-24 06:23:45,519 - WARNING - VIBRATION HIGH: 1.36
2026-04-24 06:24:07,260 - WARNING - VIBRATION HIGH: 1.27
2026-04-24 06:24:10,311 - WARNING - PRESSURE LOW: 10.97
2026-04-24 06:24:14,474 - WARNING - VIBRATION HIGH: 0.97
2026-04-24 06:24:21,744 - WARNING - TEMPERATURE HIGH: 247.94
2026-04-24 06:24:25,842 - WARNING - TEMPERATURE HIGH: 259.66
2026-04-24 06:24:28,037 - WARNING - FLOW_RATE LOW: 63.2
2026-04-24 06:24:35,296 - WARNING - FLOW_RATE LOW: 61.83
2026-04-24 06:24:38,350 - WARNING - VIBRATION HIGH: 1.11
2026-04-24 06:25:03,373 - WARNING - PRESSURE LOW: 31.56
2026-04-24 06:25:09,709 - WARNING - PRESSURE LOW: 32.2
2026-04-24 06:25:16,022 - WARNING - FLOW_RATE LOW: 77.18
2026-04-24 06:25:18,118 - WARNING - VIBRATION HIGH: 0.94
2026-04-24 06:25:22,446 - WARNING - TEMPERATURE HIGH: 253.92
2026-04-24 06:25:30,783 - WARNING - TEMPERATURE HIGH: 258.1
2026-04-24 06:25:39,165 - WARNING - FLOW_RATE LOW: 80.65
2026-04-24 06:25:42,281 - WARNING - VIBRATION HIGH: 0.92
2026-04-24 06:25:49,633 - WARNING - PRESSURE LOW: 13.63
2026-04-24 06:25:49,634 - WARNING - VIBRATION HIGH: 1.01
2026-04-24 06:25:50,668 - WARNING - VIBRATION HIGH: 1.25
